2024-12-25 05:03:39,041 - INFO - Сервер запущен на порту 8000...
2024-12-25 05:03:43,864 - INFO - Найдено 0 файлов в директории загрузок.
2024-12-25 05:03:45,358 - INFO - Шаблон templates/index.html успешно загружен.
2024-12-25 05:03:49,234 - INFO - Найдено 0 файлов в директории загрузок.
2024-12-25 05:03:50,205 - INFO - Шаблон templates/index.html успешно загружен.
2024-12-25 05:03:54,706 - INFO - Найдено 0 файлов в директории загрузок.
2024-12-25 05:03:55,832 - INFO - Шаблон templates/index.html успешно загружен.
2024-12-25 05:04:02,882 - INFO - Данные формы успешно распарсены.
2024-12-25 05:04:02,882 - INFO - Файл ДЗ 4 (2).docx успешно сохранён локально.
2024-12-25 05:04:03,884 - INFO - Получена ссылка для загрузки: https://uploader24j.disk.yandex.net:443/upload-target/20241225T050403.861.utd.7y7rr7zl6anbmgeq9w50p17ft-k24j.5675799
2024-12-25 05:04:05,172 - INFO - Файл disk:/ДЗ 4 (2).docx успешно загружен.
2024-12-25 05:04:06,005 - INFO - Файл disk:/ДЗ 4 (2).docx подтвержден на Яндекс.Диске.
2024-12-25 05:04:06,006 - INFO - Локальный файл ДЗ 4 (2).docx успешно удалён после загрузки.
2024-12-25 05:04:06,016 - INFO - Найдено 0 файлов в директории загрузок.
2024-12-25 05:04:07,324 - INFO - Шаблон templates/index.html успешно загружен.
2024-12-25 05:05:36,173 - INFO - Сервер остановлен вручную.
2024-12-25 05:05:36,174 - INFO - Сервер закрыт.
2024-12-25 05:05:38,326 - INFO - Сервер запущен на порту 8000...
2024-12-25 05:05:48,245 - INFO - Найдено 0 файлов в директории загрузок.
2024-12-25 05:05:49,759 - INFO - Шаблон templates/index.html успешно загружен.
2024-12-25 05:05:58,980 - INFO - Данные формы успешно распарсены.
2024-12-25 05:05:58,980 - INFO - Файл 676893bf10671 (1).svg успешно сохранён локально.
2024-12-25 05:05:59,771 - INFO - Получена ссылка для загрузки: https://uploader38o.disk.yandex.net:443/upload-target/20241225T050559.733.utd.dlt9qvt2xo8tyrpyd3zkxf115-k38o.6158341
2024-12-25 05:06:00,590 - INFO - Файл disk:/676893bf10671 (1).svg успешно загружен.
2024-12-25 05:06:01,096 - INFO - Файл disk:/676893bf10671 (1).svg подтвержден на Яндекс.Диске.
2024-12-25 05:06:01,098 - INFO - Локальный файл 676893bf10671 (1).svg успешно удалён после загрузки.
2024-12-25 05:06:01,110 - INFO - Найдено 0 файлов в директории загрузок.
2024-12-25 05:06:02,697 - INFO - Шаблон templates/index.html успешно загружен.
2024-12-25 05:06:08,281 - INFO - Найдено 0 файлов в директории загрузок.
2024-12-25 05:06:09,391 - INFO - Шаблон templates/index.html успешно загружен.
2024-12-25 05:06:12,688 - INFO - Найдено 0 файлов в директории загрузок.
2024-12-25 05:06:13,994 - INFO - Шаблон templates/index.html успешно загружен.
2024-12-25 05:06:34,510 - INFO - Найдено 0 файлов в директории загрузок.
2024-12-25 05:06:37,223 - INFO - Шаблон templates/index.html успешно загружен.
2024-12-25 05:06:41,259 - INFO - Сервер остановлен вручную.
2024-12-25 05:06:41,260 - INFO - Сервер закрыт.
2024-12-25 05:06:42,861 - INFO - Сервер запущен на порту 8000...
2024-12-25 05:07:06,639 - INFO - Данные формы успешно распарсены.
2024-12-25 05:07:06,640 - INFO - Файл TV Library [2024-09-22 1.00.12].tvlibrary.zip успешно сохранён локально.
2024-12-25 05:07:07,485 - INFO - Получена ссылка для загрузки: https://uploader21o.disk.yandex.net:443/upload-target/20241225T050707.479.utd.ecfcyi49g0i5nvh3oj12honrt-k21o.5670313
2024-12-25 05:07:08,584 - INFO - Файл disk:/TV Library [2024-09-22 1.00.12].tvlibrary.zip успешно загружен.
2024-12-25 05:07:09,403 - INFO - Файл disk:/TV Library [2024-09-22 1.00.12].tvlibrary.zip подтвержден на Яндекс.Диске.
2024-12-25 05:07:09,404 - INFO - Локальный файл TV Library [2024-09-22 1.00.12].tvlibrary.zip успешно удалён после загрузки.
2024-12-25 05:07:09,413 - INFO - Найдено 0 файлов в директории загрузок.
2024-12-25 05:07:10,672 - INFO - Шаблон templates/index.html успешно загружен.
2024-12-25 05:10:48,209 - CRITICAL - Не найдена переменная окружения 'YANDEX_DISK_TOKEN'
2024-12-25 05:12:12,818 - INFO - Сервер запущен на порту 8000...
2024-12-25 05:12:16,393 - INFO - Найдено 0 файлов в директории загрузок.
2024-12-25 05:12:17,871 - INFO - Шаблон templates/index.html успешно загружен.
2024-12-25 05:12:19,386 - INFO - Найдено 0 файлов в директории загрузок.
2024-12-25 05:12:20,700 - INFO - Шаблон templates/index.html успешно загружен.
2024-12-25 05:12:27,506 - INFO - Данные формы успешно распарсены.
2024-12-25 05:12:27,507 - INFO - Файл Итоговое ДЗ (3).pdf успешно сохранён локально.
2024-12-25 05:12:30,907 - INFO - Получена ссылка для загрузки: https://uploader80j.disk.yandex.net:443/upload-target/20241225T051228.471.utd.dcvxd4zznop0m2uzp6i5p3xqs-k80j.5483246
2024-12-25 05:12:32,172 - INFO - Файл disk:/Итоговое ДЗ (3).pdf успешно загружен.
2024-12-25 05:12:32,738 - INFO - Файл disk:/Итоговое ДЗ (3).pdf подтвержден на Яндекс.Диске.
2024-12-25 05:12:32,739 - INFO - Локальный файл Итоговое ДЗ (3).pdf успешно удалён после загрузки.
2024-12-25 05:12:32,747 - INFO - Найдено 0 файлов в директории загрузок.
2024-12-25 05:12:33,775 - INFO - Шаблон templates/index.html успешно загружен.
2024-12-25 05:15:27,170 - INFO - Сервер остановлен вручную.
2024-12-25 05:15:27,170 - INFO - Сервер закрыт.
